ERC report (2026-06-10T12:02:41-0400, Encoding UTF8)

***** Sheet /
[power_pin_not_driven]: Input Power pin not driven by any Output Power pins
    ; error
    @(2750 mils, 5050 mils): Symbol #PWR01 Pin 1 [Power input, Line]
[label_dangling]: Label not connected to anything
    ; error
    @(4250 mils, 3900 mils): Label 'A0'
[pin_not_connected]: Pin not connected
    ; error
    @(3750 mils, 6050 mils): Symbol J3 Pin 1 [Pin_1, Passive, Line]
[pin_not_connected]: Pin not connected
    ; error
    @(3750 mils, 6150 mils): Symbol J3 Pin 2 [Pin_2, Passive, Line]
[pin_not_connected]: Pin not connected
    ; error
    @(3750 mils, 6250 mils): Symbol J3 Pin 3 [Pin_3, Passive, Line]
[pin_not_connected]: Pin not connected
    ; error
    @(3750 mils, 6350 mils): Symbol J3 Pin 4 [Pin_4, Passive, Line]
[pin_not_connected]: Pin not connected
    ; error
    @(3750 mils, 6450 mils): Symbol J3 Pin 5 [Pin_5, Passive, Line]
[pin_not_connected]: Pin not connected
    ; error
    @(3750 mils, 6550 mils): Symbol J3 Pin 6 [Pin_6, Passive, Line]
[label_dangling]: Label not connected to anything
    ; error
    @(7150 mils, 3400 mils): Label 'D3'
[label_dangling]: Label not connected to anything
    ; error
    @(7150 mils, 3850 mils): Label 'D6'
[power_pin_not_driven]: Input Power pin not driven by any Output Power pins
    ; error
    @(7200 mils, 4800 mils): Symbol #PWR09 Pin 1 [Power input, Line]
[label_dangling]: Label not connected to anything
    ; error
    @(9150 mils, 3400 mils): Label 'MOSI'
[label_dangling]: Label not connected to anything
    ; error
    @(9150 mils, 3550 mils): Label 'MISO'
[label_dangling]: Label not connected to anything
    ; error
    @(9150 mils, 3700 mils): Label 'SCK'
[label_dangling]: Label not connected to anything
    ; error
    @(9150 mils, 3850 mils): Label 'RX'
[multiple_net_names]: Both GND and ADDR are attached to the same items; GND will be used in the netlist
    ; warning
    @(6300 mils, 5750 mils): Symbol #PWR08 Pin 1 [Power input, Line]
    @(4250 mils, 3700 mils): Label 'ADDR'
[lib_symbol_mismatch]: Symbol 'AO3400A' doesn't match copy in library 'Transistor_FET'
    ; warning
    @(6100 mils, 1950 mils): Symbol Q2 [AO3400A]
[multiple_net_names]: Both SCL and SCL-5V are attached to the same items; SCL will be used in the netlist
    ; warning
    @(6850 mils, 3700 mils): Global Label 'SCL'
    @(2600 mils, 6350 mils): Label 'SCL-5V'
[multiple_net_names]: Both SDA and SDA-5V are attached to the same items; SDA will be used in the netlist
    ; warning
    @(1050 mils, 2550 mils): Global Label 'SDA'
    @(2350 mils, 6650 mils): Label 'SDA-5V'
[multiple_net_names]: Both D1 and D9 are attached to the same items; D1 will be used in the netlist
    ; warning
    @(7300 mils, 3100 mils): Global Label 'D1'
    @(5500 mils, 5500 mils): Label 'D9'
[global_label_dangling]: Global label not connected anywhere else in the schematic
    ; warning
    @(9800 mils, 2950 mils): Global Label '5V'

 ** ERC messages: 21  Errors 15  Warnings 6
